Starting...
🚀 Starting Ghost Writer Verification...
Cleaning up processes...
Launching Chrome...
Chrome launched.
Starting Jarvis Agent...
Simulating User Browsing via Playwright...
[JARVIS_ERR] qt.qpa.window: SetProcessDpiAwarenessContext() failed: Access is denied.
[JARVIS_ERR] Qt's default DPI awareness context is DPI_AWARENESS_CONTEXT_PER_MONITOR_AWARE_V2. If you know what you are doing, you can overwrite this default using qt.conf (https://doc.qt.io/qt-6/highdpi.html#configuring-windows).
[JARVIS] --- JARVIS AGENT INITIALIZING ---
[JARVIS] [FocusSentinel] Monitoring started...
[USER_SIM] [Sim] Connecting to CDP...
[USER_SIM] [Sim] Navigating to documentation...
[JARVIS] Startup Error (Audio Components): Porcupine failed to initialize. Please check your PICOVOICE_ACCESS_KEY in .env. It may be invalid, expired, or you may have reached your usage limit. Original Error: Initialization failed:
[JARVIS] [0] 5fe5c79 00000136: e390eff
[JARVIS] [1] 5fe5c79 00000136: 3a359e9
[JARVIS] [2] 5fe5c79 00000136: ee6ef30
[USER_SIM] [Sim] Dwelling for 40 seconds with activity...
[USER_SIM] [Sim] Time: 0s
[USER_SIM] [Sim] Time: 5s
[USER_SIM] [Sim] Time: 10s
[USER_SIM] [Sim] Time: 15s
[USER_SIM] [Sim] Time: 20s
[USER_SIM] [Sim] Time: 25s
[USER_SIM] [Sim] Time: 30s
[USER_SIM] [Sim] Time: 35s
[USER_SIM] [Sim] Browsing complete.
Stopping everything...
